<?xml version="1.0" encoding="UTF-8"?>
<!-- Generated by org.testng.reporters.JUnitXMLReporter -->
<testsuite ignored="0" hostname="DESKTOP-0M104V6" failures="1" tests="33" name="Test" time="310.394" errors="0" timestamp="2023-01-13T10:41:15 IST">
  <testcase classname="com.elevatortech.testcases.Elevatortech_testcases" name="test" time="0.869"/>
  <testcase classname="com.elevatortech.testcases.Elevatortech_testcases" name="verifyclick" time="4.307"/>
  <testcase classname="com.elevatortech.testcases.Elevatortech_testcases" name="verifyContactformReset" time="19.591"/>
  <testcase classname="com.elevatortech.testcases.Elevatortech_testcases" name="verifyContactformSubmit" time="33.627"/>
  <testcase classname="com.elevatortech.testcases.Elevatortech_testcases" name="verifyFacebookicon" time="4.036"/>
  <testcase classname="com.elevatortech.testcases.Elevatortech_testcases" name="verifyRandDoption" time="7.061"/>
  <testcase classname="com.elevatortech.testcases.Elevatortech_testcases" name="verifyBackendTrainingCourse" time="3.506"/>
  <testcase classname="com.elevatortech.testcases.Elevatortech_testcases" name="verifyBigDataPage" time="2.729"/>
  <testcase classname="com.elevatortech.testcases.Elevatortech_testcases" name="verifycloudcomputingpage" time="6.632"/>
  <testcase classname="com.elevatortech.testcases.Elevatortech_testcases" name="verifyclangpage" time="7.632"/>
  <testcase classname="com.elevatortech.testcases.Elevatortech_testcases" name="verifycplusgpage" time="7.774"/>
  <testcase classname="com.elevatortech.testcases.Elevatortech_testcases" name="verifydatastructurepage" time="4.66"/>
  <testcase classname="com.elevatortech.testcases.Elevatortech_testcases" name="verifyobjectivepage" time="5.119"/>
  <testcase classname="com.elevatortech.testcases.Elevatortech_testcases" name="verifymicrocontrolpage" time="8.476"/>
  <testcase classname="com.elevatortech.testcases.Elevatortech_testcases" name="verifyarmcontrolpage" time="5.83"/>
  <testcase classname="com.elevatortech.testcases.Elevatortech_testcases" name="verifyavmcontrolpage" time="6.128"/>
  <testcase classname="com.elevatortech.testcases.Elevatortech_testcases" name="verifypicControlpage" time="7.84"/>
  <testcase classname="com.elevatortech.testcases.Elevatortech_testcases" name="verifydevicedriversarmepage" time="7.515"/>
  <testcase classname="com.elevatortech.testcases.Elevatortech_testcases" name="verifydevicedriverspcpage" time="6.761"/>
  <testcase classname="com.elevatortech.testcases.Elevatortech_testcases" name="verifylinuxinternalpage" time="10.212"/>
  <testcase classname="com.elevatortech.testcases.Elevatortech_testcases" name="verifyEmbeddedlinuxpage" time="9.261"/>
  <testcase classname="com.elevatortech.testcases.Elevatortech_testcases" name="verifyvxWorkpage" time="8.382"/>
  <testcase classname="com.elevatortech.testcases.Elevatortech_testcases" name="verifyrtlinuxpage" time="4.877">
    <failure type="org.openqa.selenium.ElementNotInteractableException" message="element not interactable: http://elevatortechnologies.in/rt-linux.php has no size and location
  (Session info: chrome=109.0.5414.74)
Build info: version: &amp;apos;4.7.0&amp;apos;, revision: &amp;apos;0a5b49d16f&amp;apos;
System info: os.name: &amp;apos;Windows 10&amp;apos;, os.arch: &amp;apos;amd64&amp;apos;, os.version: &amp;apos;10.0&amp;apos;, java.version: &amp;apos;19.0.1&amp;apos;
Driver info: org.openqa.selenium.chrome.ChromeDriver
Command: [29faafa82bba112c53ef74fc5e4c28a6, actions {actions=[org.openqa.selenium.interactions.Sequence@611e5819]}]
Capabilities {acceptInsecureCerts: false, browserName: chrome, browserVersion: 109.0.5414.74, chrome: {chromedriverVersion: 109.0.5414.74 (e7c5703604da..., userDataDir: C:\Users\srikanth\AppData\L...}, goog:chromeOptions: {debuggerAddress: localhost:58689}, networkConnectionEnabled: false, pageLoadStrategy: normal, platformName: WINDOWS, proxy: Proxy(), se:cdp: ws://localhost:58689/devtoo..., se:cdpVersion: 109.0.5414.74, setWindowRect: true, strictFileInteractability: false, timeouts: {implicit: 0, pageLoad: 300000, script: 30000}, unhandledPromptBehavior: dismiss and notify, webauthn:extension:credBlob: true, webauthn:extension:largeBlob: true, webauthn:virtualAuthenticators: true}
Session ID: 29faafa82bba112c53ef74fc5e4c28a6">
      <![CDATA[org.openqa.selenium.ElementNotInteractableException: element not interactable: http://elevatortechnologies.in/rt-linux.php has no size and location
  (Session info: chrome=109.0.5414.74)
Build info: version: '4.7.0', revision: '0a5b49d16f'
System info: os.name: 'Windows 10', os.arch: 'amd64', os.version: '10.0', java.version: '19.0.1'
Driver info: org.openqa.selenium.chrome.ChromeDriver
Command: [29faafa82bba112c53ef74fc5e4c28a6, actions {actions=[org.openqa.selenium.interactions.Sequence@611e5819]}]
Capabilities {acceptInsecureCerts: false, browserName: chrome, browserVersion: 109.0.5414.74, chrome: {chromedriverVersion: 109.0.5414.74 (e7c5703604da..., userDataDir: C:\Users\srikanth\AppData\L...}, goog:chromeOptions: {debuggerAddress: localhost:58689}, networkConnectionEnabled: false, pageLoadStrategy: normal, platformName: WINDOWS, proxy: Proxy(), se:cdp: ws://localhost:58689/devtoo..., se:cdpVersion: 109.0.5414.74, setWindowRect: true, strictFileInteractability: false, timeouts: {implicit: 0, pageLoad: 300000, script: 30000}, unhandledPromptBehavior: dismiss and notify, webauthn:extension:credBlob: true, webauthn:extension:largeBlob: true, webauthn:virtualAuthenticators: true}
Session ID: 29faafa82bba112c53ef74fc5e4c28a6
at org.openqa.selenium.remote.codec.w3c.W3CHttpResponseCodec.createException(W3CHttpResponseCodec.java:200)
at org.openqa.selenium.remote.codec.w3c.W3CHttpResponseCodec.decode(W3CHttpResponseCodec.java:133)
at org.openqa.selenium.remote.codec.w3c.W3CHttpResponseCodec.decode(W3CHttpResponseCodec.java:53)
at org.openqa.selenium.remote.HttpCommandExecutor.execute(HttpCommandExecutor.java:184)
at org.openqa.selenium.remote.service.DriverCommandExecutor.invokeExecute(DriverCommandExecutor.java:167)
at org.openqa.selenium.remote.service.DriverCommandExecutor.execute(DriverCommandExecutor.java:142)
at org.openqa.selenium.remote.RemoteWebDriver.execute(RemoteWebDriver.java:541)
at org.openqa.selenium.remote.RemoteWebDriver.perform(RemoteWebDriver.java:609)
at org.openqa.selenium.interactions.Actions$BuiltAction.perform(Actions.java:567)
at com.actiondriver.ActionDriver.mouseHoverAndClickonElement(ActionDriver.java:224)
at com.elevatortech.pages.Operating_Systempage.RTlinux(Operating_Systempage.java:108)
at com.elevatortech.testcases.Elevatortech_testcases.verifyrtlinuxpage(Elevatortech_testcases.java:324)
at java.base/java.util.ArrayList.forEach(ArrayList.java:1511)
... Removed 28 stack frames]]>
    </failure>
  </testcase> <!-- verifyrtlinuxpage -->
  <testcase classname="com.elevatortech.testcases.Elevatortech_testcases" name="verifyrtxpage" time="9.176"/>
  <testcase classname="com.elevatortech.testcases.Elevatortech_testcases" name="verifyIphonepage" time="13.174"/>
  <testcase classname="com.elevatortech.testcases.Elevatortech_testcases" name="verifyAndroidpage" time="8.834"/>
  <testcase classname="com.elevatortech.testcases.Elevatortech_testcases" name="verifyWindowsmobilepage" time="9.187"/>
  <testcase classname="com.elevatortech.testcases.Elevatortech_testcases" name="verifyBlackBerrypage" time="19.973"/>
  <testcase classname="com.elevatortech.testcases.Elevatortech_testcases" name="verifyVHDLpage" time="8.583"/>
  <testcase classname="com.elevatortech.testcases.Elevatortech_testcases" name="verifyVerilogPage" time="6.116"/>
  <testcase classname="com.elevatortech.testcases.Elevatortech_testcases" name="verifySystemVerilogPage" time="6.378"/>
  <testcase classname="com.elevatortech.testcases.Elevatortech_testcases" name="verifySummerTrainingPage" time="15.275"/>
  <testcase classname="com.elevatortech.testcases.Elevatortech_testcases" name="verifyworkshopPage" time="6.227"/>
</testsuite> <!-- Test -->
