<?xml version="1.0" encoding="UTF-8"?>
<!-- Generated by org.testng.reporters.JUnitReportReporter -->
<testsuite hostname="DESKTOP-0M104V6" failures="0" tests="33" name="com.elevatortech.testcases.Elevatortech_testcases" time="285.748" errors="1" timestamp="2023-01-13T10:41:16 IST" skipped="0">
  <testcase classname="com.elevatortech.testcases.Elevatortech_testcases" name="test" time="0.869"/>
  <system-out/>
  <testcase classname="com.elevatortech.testcases.Elevatortech_testcases" name="verifyclick" time="4.307"/>
  <system-out/>
  <testcase classname="com.elevatortech.testcases.Elevatortech_testcases" name="verifyContactformReset" time="19.591"/>
  <system-out/>
  <testcase classname="com.elevatortech.testcases.Elevatortech_testcases" name="verifyContactformSubmit" time="33.627"/>
  <system-out/>
  <testcase classname="com.elevatortech.testcases.Elevatortech_testcases" name="verifyFacebookicon" time="4.036"/>
  <system-out/>
  <testcase classname="com.elevatortech.testcases.Elevatortech_testcases" name="verifyRandDoption" time="7.061"/>
  <system-out/>
  <testcase classname="com.elevatortech.testcases.Elevatortech_testcases" name="verifyBackendTrainingCourse" time="3.506"/>
  <system-out/>
  <testcase classname="com.elevatortech.testcases.Elevatortech_testcases" name="verifyBigDataPage" time="2.729"/>
  <system-out/>
  <testcase classname="com.elevatortech.testcases.Elevatortech_testcases" name="verifycloudcomputingpage" time="6.632"/>
  <system-out/>
  <testcase classname="com.elevatortech.testcases.Elevatortech_testcases" name="verifyclangpage" time="7.632"/>
  <system-out/>
  <testcase classname="com.elevatortech.testcases.Elevatortech_testcases" name="verifycplusgpage" time="7.774"/>
  <system-out/>
  <testcase classname="com.elevatortech.testcases.Elevatortech_testcases" name="verifydatastructurepage" time="4.660"/>
  <system-out/>
  <testcase classname="com.elevatortech.testcases.Elevatortech_testcases" name="verifyobjectivepage" time="5.119"/>
  <system-out/>
  <testcase classname="com.elevatortech.testcases.Elevatortech_testcases" name="verifymicrocontrolpage" time="8.476"/>
  <system-out/>
  <testcase classname="com.elevatortech.testcases.Elevatortech_testcases" name="verifyarmcontrolpage" time="5.830"/>
  <system-out/>
  <testcase classname="com.elevatortech.testcases.Elevatortech_testcases" name="verifyavmcontrolpage" time="6.128"/>
  <system-out/>
  <testcase classname="com.elevatortech.testcases.Elevatortech_testcases" name="verifypicControlpage" time="7.840"/>
  <system-out/>
  <testcase classname="com.elevatortech.testcases.Elevatortech_testcases" name="verifydevicedriversarmepage" time="7.515"/>
  <system-out/>
  <testcase classname="com.elevatortech.testcases.Elevatortech_testcases" name="verifydevicedriverspcpage" time="6.761"/>
  <system-out/>
  <testcase classname="com.elevatortech.testcases.Elevatortech_testcases" name="verifylinuxinternalpage" time="10.212"/>
  <system-out/>
  <testcase classname="com.elevatortech.testcases.Elevatortech_testcases" name="verifyEmbeddedlinuxpage" time="9.261"/>
  <system-out/>
  <testcase classname="com.elevatortech.testcases.Elevatortech_testcases" name="verifyvxWorkpage" time="8.382"/>
  <system-out/>
  <testcase classname="com.elevatortech.testcases.Elevatortech_testcases" name="verifyrtlinuxpage" time="4.877">
    <error message="element not interactable: http://elevatortechnologies.in/rt-linux.php has no size and location
  (Session info: chrome=109.0.5414.74)
Build info: version: &#039;4.7.0&#039;, revision: &#039;0a5b49d16f&#039;
System info: os.name: &#039;Windows 10&#039;, os.arch: &#039;amd64&#039;, os.version: &#039;10.0&#039;, java.version: &#039;19.0.1&#039;
Driver info: org.openqa.selenium.chrome.ChromeDriver
Command: [29faafa82bba112c53ef74fc5e4c28a6, actions {actions=[org.openqa.selenium.interactions.Sequence@611e5819]}]
Capabilities {acceptInsecureCerts: false, browserName: chrome, browserVersion: 109.0.5414.74, chrome: {chromedriverVersion: 109.0.5414.74 (e7c5703604da..., userDataDir: C:\Users\srikanth\AppData\L...}, goog:chromeOptions: {debuggerAddress: localhost:58689}, networkConnectionEnabled: false, pageLoadStrategy: normal, platformName: WINDOWS, proxy: Proxy(), se:cdp: ws://localhost:58689/devtoo..., se:cdpVersion: 109.0.5414.74, setWindowRect: true, strictFileInteractability: false, timeouts: {implicit: 0, pageLoad: 300000, script: 30000}, unhandledPromptBehavior: dismiss and notify, webauthn:extension:credBlob: true, webauthn:extension:largeBlob: true, webauthn:virtualAuthenticators: true}
Session ID: 29faafa82bba112c53ef74fc5e4c28a6" type="org.openqa.selenium.ElementNotInteractableException">
      <![CDATA[org.openqa.selenium.ElementNotInteractableException: element not interactable: http://elevatortechnologies.in/rt-linux.php has no size and location
  (Session info: chrome=109.0.5414.74)
Build info: version: '4.7.0', revision: '0a5b49d16f'
System info: os.name: 'Windows 10', os.arch: 'amd64', os.version: '10.0', java.version: '19.0.1'
Driver info: org.openqa.selenium.chrome.ChromeDriver
Command: [29faafa82bba112c53ef74fc5e4c28a6, actions {actions=[org.openqa.selenium.interactions.Sequence@611e5819]}]
Capabilities {acceptInsecureCerts: false, browserName: chrome, browserVersion: 109.0.5414.74, chrome: {chromedriverVersion: 109.0.5414.74 (e7c5703604da..., userDataDir: C:\Users\srikanth\AppData\L...}, goog:chromeOptions: {debuggerAddress: localhost:58689}, networkConnectionEnabled: false, pageLoadStrategy: normal, platformName: WINDOWS, proxy: Proxy(), se:cdp: ws://localhost:58689/devtoo..., se:cdpVersion: 109.0.5414.74, setWindowRect: true, strictFileInteractability: false, timeouts: {implicit: 0, pageLoad: 300000, script: 30000}, unhandledPromptBehavior: dismiss and notify, webauthn:extension:credBlob: true, webauthn:extension:largeBlob: true, webauthn:virtualAuthenticators: true}
Session ID: 29faafa82bba112c53ef74fc5e4c28a6
at java.base/jdk.internal.reflect.DirectConstructorHandleAccessor.newInstance(DirectConstructorHandleAccessor.java:67)
at java.base/java.lang.reflect.Constructor.newInstanceWithCaller(Constructor.java:500)
at java.base/java.lang.reflect.Constructor.newInstance(Constructor.java:484)
at org.openqa.selenium.remote.codec.w3c.W3CHttpResponseCodec.createException(W3CHttpResponseCodec.java:200)
at org.openqa.selenium.remote.codec.w3c.W3CHttpResponseCodec.decode(W3CHttpResponseCodec.java:133)
at org.openqa.selenium.remote.codec.w3c.W3CHttpResponseCodec.decode(W3CHttpResponseCodec.java:53)
at org.openqa.selenium.remote.HttpCommandExecutor.execute(HttpCommandExecutor.java:184)
at org.openqa.selenium.remote.service.DriverCommandExecutor.invokeExecute(DriverCommandExecutor.java:167)
at org.openqa.selenium.remote.service.DriverCommandExecutor.execute(DriverCommandExecutor.java:142)
at org.openqa.selenium.remote.RemoteWebDriver.execute(RemoteWebDriver.java:541)
at org.openqa.selenium.remote.RemoteWebDriver.perform(RemoteWebDriver.java:609)
at org.openqa.selenium.interactions.Actions$BuiltAction.perform(Actions.java:567)
at com.actiondriver.ActionDriver.mouseHoverAndClickonElement(ActionDriver.java:224)
at com.elevatortech.pages.Operating_Systempage.RTlinux(Operating_Systempage.java:108)
at com.elevatortech.testcases.Elevatortech_testcases.verifyrtlinuxpage(Elevatortech_testcases.java:324)
at java.base/jdk.internal.reflect.DirectMethodHandleAccessor.invoke(DirectMethodHandleAccessor.java:104)
at java.base/java.lang.reflect.Method.invoke(Method.java:578)
at org.testng.internal.MethodInvocationHelper.invokeMethod(MethodInvocationHelper.java:133)
at org.testng.internal.TestInvoker.invokeMethod(TestInvoker.java:598)
at org.testng.internal.TestInvoker.invokeTestMethod(TestInvoker.java:173)
at org.testng.internal.MethodRunner.runInSequence(MethodRunner.java:46)
at org.testng.internal.TestInvoker$MethodInvocationAgent.invoke(TestInvoker.java:824)
at org.testng.internal.TestInvoker.invokeTestMethods(TestInvoker.java:146)
at org.testng.internal.TestMethodWorker.invokeTestMethods(TestMethodWorker.java:146)
at org.testng.internal.TestMethodWorker.run(TestMethodWorker.java:128)
at java.base/java.util.ArrayList.forEach(ArrayList.java:1511)
at org.testng.TestRunner.privateRun(TestRunner.java:794)
at org.testng.TestRunner.run(TestRunner.java:596)
at org.testng.SuiteRunner.runTest(SuiteRunner.java:377)
at org.testng.SuiteRunner.runSequentially(SuiteRunner.java:371)
at org.testng.SuiteRunner.privateRun(SuiteRunner.java:332)
at org.testng.SuiteRunner.run(SuiteRunner.java:276)
at org.testng.SuiteRunnerWorker.runSuite(SuiteRunnerWorker.java:53)
at org.testng.SuiteRunnerWorker.run(SuiteRunnerWorker.java:96)
at org.testng.TestNG.runSuitesSequentially(TestNG.java:1212)
at org.testng.TestNG.runSuitesLocally(TestNG.java:1134)
at org.testng.TestNG.runSuites(TestNG.java:1063)
at org.testng.TestNG.run(TestNG.java:1031)
at org.testng.remote.AbstractRemoteTestNG.run(AbstractRemoteTestNG.java:115)
at org.testng.remote.RemoteTestNG.initAndRun(RemoteTestNG.java:251)
at org.testng.remote.RemoteTestNG.main(RemoteTestNG.java:77)
]]>
    </error>
  </testcase> <!-- verifyrtlinuxpage -->
  <system-out/>
  <testcase classname="com.elevatortech.testcases.Elevatortech_testcases" name="verifyrtxpage" time="9.176"/>
  <system-out/>
  <testcase classname="com.elevatortech.testcases.Elevatortech_testcases" name="verifyIphonepage" time="13.174"/>
  <system-out/>
  <testcase classname="com.elevatortech.testcases.Elevatortech_testcases" name="verifyAndroidpage" time="8.834"/>
  <system-out/>
  <testcase classname="com.elevatortech.testcases.Elevatortech_testcases" name="verifyWindowsmobilepage" time="9.187"/>
  <system-out/>
  <testcase classname="com.elevatortech.testcases.Elevatortech_testcases" name="verifyBlackBerrypage" time="19.973"/>
  <system-out/>
  <testcase classname="com.elevatortech.testcases.Elevatortech_testcases" name="verifyVHDLpage" time="8.583"/>
  <system-out/>
  <testcase classname="com.elevatortech.testcases.Elevatortech_testcases" name="verifyVerilogPage" time="6.116"/>
  <system-out/>
  <testcase classname="com.elevatortech.testcases.Elevatortech_testcases" name="verifySystemVerilogPage" time="6.378"/>
  <system-out/>
  <testcase classname="com.elevatortech.testcases.Elevatortech_testcases" name="verifySummerTrainingPage" time="15.275"/>
  <system-out/>
  <testcase classname="com.elevatortech.testcases.Elevatortech_testcases" name="verifyworkshopPage" time="6.227"/>
  <system-out/>
</testsuite> <!-- com.elevatortech.testcases.Elevatortech_testcases -->
